<?xml version="1.0" encoding="UTF-8"?>
<testsuites>
  <testsuite name="phpBootstrap" tests="3" assertions="3" errors="0" warnings="0" failures="0" skipped="0" time="0.046842">
    <testsuite name="jcduran\VendingMachineTest\Application\ServiceModeTest" file="/app/tests/Application/ServiceModeTest.php" tests="2" assertions="2" errors="0" warnings="0" failures="0" skipped="0" time="0.044773">
      <testcase name="shouldRechargeItemsInAEmptyMachine" class="jcduran\VendingMachineTest\Application\ServiceModeTest" classname="jcduran.VendingMachineTest.Application.ServiceModeTest" file="/app/tests/Application/ServiceModeTest.php" line="19" assertions="1" time="0.037298"/>
      <testcase name="shouldRechargeItems" class="jcduran\VendingMachineTest\Application\ServiceModeTest" classname="jcduran.VendingMachineTest.Application.ServiceModeTest" file="/app/tests/Application/ServiceModeTest.php" line="31" assertions="1" time="0.007475"/>
    </testsuite>
    <testsuite name="jcduran\VendingMachineTest\ExampleTest" file="/app/tests/ExampleTest.php" tests="1" assertions="1" errors="0" warnings="0" failures="0" skipped="0" time="0.002069">
      <testcase name="shouldSayHelloWhenGreeting" class="jcduran\VendingMachineTest\ExampleTest" classname="jcduran.VendingMachineTest.ExampleTest" file="/app/tests/ExampleTest.php" line="26" assertions="1" time="0.002069"/>
    </testsuite>
  </testsuite>
</testsuites>
