<?xml version="1.0" encoding="UTF-8"?>
<testsuites>
  <testsuite name="phpBootstrap" tests="1" assertions="1" errors="0" warnings="0" failures="0" skipped="0" time="0.023766">
    <testsuite name="jcduran\VendingMachineTest\ExampleTest" file="/app/tests/ExampleTest.php" tests="1" assertions="1" errors="0" warnings="0" failures="0" skipped="0" time="0.023766">
      <testcase name="shouldSayHelloWhenGreeting" class="jcduran\VendingMachineTest\ExampleTest" classname="jcduran.VendingMachineTest.ExampleTest" file="/app/tests/ExampleTest.php" line="26" assertions="1" time="0.023766"/>
    </testsuite>
  </testsuite>
</testsuites>
